# JRE version: OpenJDK Runtime Environment (8.0_252-b09) (build 1.8.0_252-8u252-b09-1~16.04-b09)
# Java VM: OpenJDK 64-Bit Server VM (25.252-b09 mixed mode linux-amd64 compressed oops)
Heap:
 PSYoungGen      total 191488K, used 128K [0x00000000f0700000, 0x0000000100000000, 0x0000000100000000)
  eden space 190976K, 0% used [0x00000000f0700000,0x00000000f0700000,0x00000000fc180000)
  from space 512K, 25% used [0x00000000fff00000,0x00000000fff20000,0x00000000fff80000)
  to   space 512K, 0% used [0x00000000fff80000,0x00000000fff80000,0x0000000100000000)
 ParOldGen       total 18944K, used 8842K [0x00000000d1400000, 0x00000000d2680000, 0x00000000f0700000)
  object space 18944K, 46% used [0x00000000d1400000,0x00000000d1ca2af8,0x00000000d2680000)
 Metaspace       used 12192K, capacity 12346K, committed 12672K, reserved 1060864K
  class space    used 1207K, capacity 1277K, committed 1408K, reserved 1048576K
GC Heap History (10 events):
Event: 1069,458 GC heap before
{Heap before GC invocations=2697 (full 2):
 PSYoungGen      total 242688K, used 242272K [0x00000000f0700000, 0x0000000100000000, 0x0000000100000000)
  eden space 242176K, 100% used [0x00000000f0700000,0x00000000ff380000,0x00000000ff380000)
  from space 512K, 18% used [0x00000000fff80000,0x00000000fff98000,0x0000000100000000)
  to   space 512K, 0% used [0x00000000fff00000,0x00000000fff00000,0x00000000fff80000)
 ParOldGen       total 18944K, used 8762K [0x00000000d1400000, 0x00000000d2680000, 0x00000000f0700000)
  object space 18944K, 46% used [0x00000000d1400000,0x00000000d1c8eaf8,0x00000000d2680000)
 Metaspace       used 12192K, capacity 12346K, committed 12672K, reserved 1060864K
  class space    used 1207K, capacity 1277K, committed 1408K, reserved 1048576K
Event: 1069,462 GC heap after
Heap after GC invocations=2697 (full 2):
 PSYoungGen      total 231424K, used 96K [0x00000000f0700000, 0x0000000100000000, 0x0000000100000000)
  eden space 230912K, 0% used [0x00000000f0700000,0x00000000f0700000,0x00000000fe880000)
  from space 512K, 18% used [0x00000000fff00000,0x00000000fff18000,0x00000000fff80000)
  to   space 512K, 0% used [0x00000000fff80000,0x00000000fff80000,0x0000000100000000)
 ParOldGen       total 18944K, used 8770K [0x00000000d1400000, 0x00000000d2680000, 0x00000000f0700000)
  object space 18944K, 46% used [0x00000000d1400000,0x00000000d1c90af8,0x00000000d2680000)
 Metaspace       used 12192K, capacity 12346K, committed 12672K, reserved 1060864K
  class space    used 1207K, capacity 1277K, committed 1408K, reserved 1048576K
}
Event: 1069,854 GC heap before
{Heap before GC invocations=2698 (full 2):
 PSYoungGen      total 231424K, used 231008K [0x00000000f0700000, 0x0000000100000000, 0x0000000100000000)
  eden space 230912K, 100% used [0x00000000f0700000,0x00000000fe880000,0x00000000fe880000)
  from space 512K, 18% used [0x00000000fff00000,0x00000000fff18000,0x00000000fff80000)
  to   space 512K, 0% used [0x00000000fff80000,0x00000000fff80000,0x0000000100000000)
 ParOldGen       total 18944K, used 8770K [0x00000000d1400000, 0x00000000d2680000, 0x00000000f0700000)
  object space 18944K, 46% used [0x00000000d1400000,0x00000000d1c90af8,0x00000000d2680000)
 Metaspace       used 12192K, capacity 12346K, committed 12672K, reserved 1060864K
  class space    used 1207K, capacity 1277K, committed 1408K, reserved 1048576K
Event: 1069,858 GC heap after
Heap after GC invocations=2698 (full 2):
 PSYoungGen      total 220672K, used 128K [0x00000000f0700000, 0x0000000100000000, 0x0000000100000000)
  eden space 220160K, 0% used [0x00000000f0700000,0x00000000f0700000,0x00000000fde00000)
  from space 512K, 25% used [0x00000000fff80000,0x00000000fffa0000,0x0000000100000000)
  to   space 512K, 0% used [0x00000000fff00000,0x00000000fff00000,0x00000000fff80000)
 ParOldGen       total 18944K, used 8802K [0x00000000d1400000, 0x00000000d2680000, 0x00000000f0700000)
  object space 18944K, 46% used [0x00000000d1400000,0x00000000d1c98af8,0x00000000d2680000)
 Metaspace       used 12192K, capacity 12346K, committed 12672K, reserved 1060864K
  class space    used 1207K, capacity 1277K, committed 1408K, reserved 1048576K
}
Event: 1070,234 GC heap before
{Heap before GC invocations=2699 (full 2):
 PSYoungGen      total 220672K, used 220288K [0x00000000f0700000, 0x0000000100000000, 0x0000000100000000)
  eden space 220160K, 100% used [0x00000000f0700000,0x00000000fde00000,0x00000000fde00000)
  from space 512K, 25% used [0x00000000fff80000,0x00000000fffa0000,0x0000000100000000)
  to   space 512K, 0% used [0x00000000fff00000,0x00000000fff00000,0x00000000fff80000)
 ParOldGen       total 18944K, used 8802K [0x00000000d1400000, 0x00000000d2680000, 0x00000000f0700000)
  object space 18944K, 46% used [0x00000000d1400000,0x00000000d1c98af8,0x00000000d2680000)
 Metaspace       used 12192K, capacity 12346K, committed 12672K, reserved 1060864K
  class space    used 1207K, capacity 1277K, committed 1408K, reserved 1048576K
Event: 1070,238 GC heap after
Heap after GC invocations=2699 (full 2):
 PSYoungGen      total 210432K, used 64K [0x00000000f0700000, 0x0000000100000000, 0x0000000100000000)
  eden space 209920K, 0% used [0x00000000f0700000,0x00000000f0700000,0x00000000fd400000)
  from space 512K, 12% used [0x00000000fff00000,0x00000000fff10000,0x00000000fff80000)
  to   space 512K, 0% used [0x00000000fff80000,0x00000000fff80000,0x0000000100000000)
 ParOldGen       total 18944K, used 8802K [0x00000000d1400000, 0x00000000d2680000, 0x00000000f0700000)
  object space 18944K, 46% used [0x00000000d1400000,0x00000000d1c98af8,0x00000000d2680000)
 Metaspace       used 12192K, capacity 12346K, committed 12672K, reserved 1060864K
  class space    used 1207K, capacity 1277K, committed 1408K, reserved 1048576K
}
Event: 1070,592 GC heap before
{Heap before GC invocations=2700 (full 2):
 PSYoungGen      total 210432K, used 209984K [0x00000000f0700000, 0x0000000100000000, 0x0000000100000000)
  eden space 209920K, 100% used [0x00000000f0700000,0x00000000fd400000,0x00000000fd400000)
  from space 512K, 12% used [0x00000000fff00000,0x00000000fff10000,0x00000000fff80000)
  to   space 512K, 0% used [0x00000000fff80000,0x00000000fff80000,0x0000000100000000)
 ParOldGen       total 18944K, used 8802K [0x00000000d1400000, 0x00000000d2680000, 0x00000000f0700000)
  object space 18944K, 46% used [0x00000000d1400000,0x00000000d1c98af8,0x00000000d2680000)
 Metaspace       used 12192K, capacity 12346K, committed 12672K, reserved 1060864K
  class space    used 1207K, capacity 1277K, committed 1408K, reserved 1048576K
Event: 1070,594 GC heap after
Heap after GC invocations=2700 (full 2):
 PSYoungGen      total 200704K, used 128K [0x00000000f0700000, 0x0000000100000000, 0x0000000100000000)
  eden space 200192K, 0% used [0x00000000f0700000,0x00000000f0700000,0x00000000fca80000)
  from space 512K, 25% used [0x00000000fff80000,0x00000000fffa0000,0x0000000100000000)
  to   space 512K, 0% used [0x00000000fff00000,0x00000000fff00000,0x00000000fff80000)
 ParOldGen       total 18944K, used 8818K [0x00000000d1400000, 0x00000000d2680000, 0x00000000f0700000)
  object space 18944K, 46% used [0x00000000d1400000,0x00000000d1c9caf8,0x00000000d2680000)
 Metaspace       used 12192K, capacity 12346K, committed 12672K, reserved 1060864K
  class space    used 1207K, capacity 1277K, committed 1408K, reserved 1048576K
}
Event: 1070,938 GC heap before
{Heap before GC invocations=2701 (full 2):
 PSYoungGen      total 200704K, used 200320K [0x00000000f0700000, 0x0000000100000000, 0x0000000100000000)
  eden space 200192K, 100% used [0x00000000f0700000,0x00000000fca80000,0x00000000fca80000)
  from space 512K, 25% used [0x00000000fff80000,0x00000000fffa0000,0x0000000100000000)
  to   space 512K, 0% used [0x00000000fff00000,0x00000000fff00000,0x00000000fff80000)
 ParOldGen       total 18944K, used 8818K [0x00000000d1400000, 0x00000000d2680000, 0x00000000f0700000)
  object space 18944K, 46% used [0x00000000d1400000,0x00000000d1c9caf8,0x00000000d2680000)
 Metaspace       used 12192K, capacity 12346K, committed 12672K, reserved 1060864K
  class space    used 1207K, capacity 1277K, committed 1408K, reserved 1048576K
Event: 1070,941 GC heap after
Heap after GC invocations=2701 (full 2):
 PSYoungGen      total 191488K, used 128K [0x00000000f0700000, 0x0000000100000000, 0x0000000100000000)
  eden space 190976K, 0% used [0x00000000f0700000,0x00000000f0700000,0x00000000fc180000)
  from space 512K, 25% used [0x00000000fff00000,0x00000000fff20000,0x00000000fff80000)
  to   space 512K, 0% used [0x00000000fff80000,0x00000000fff80000,0x0000000100000000)
 ParOldGen       total 18944K, used 8842K [0x00000000d1400000, 0x00000000d2680000, 0x00000000f0700000)
  object space 18944K, 46% used [0x00000000d1400000,0x00000000d1ca2af8,0x00000000d2680000)
 Metaspace       used 12192K, capacity 12346K, committed 12672K, reserved 1060864K
  class space    used 1207K, capacity 1277K, committed 1408K, reserved 1048576K
}

